/*C32*/SET SCHEMA AZOOMEE
DELETE FROM DEPARTMENT WHERE DEPARTMENT_ID=1 AND NAME='Creative'
DELETE FROM DEPARTMENT WHERE DEPARTMENT_ID=2 AND NAME='Accounts'
COMMIT
SET SCHEMA PUBLIC
DISCONNECT
/*C33*/SET SCHEMA AZOOMEE
DELETE FROM EMPLOYEE WHERE EMPLOYEE_ID=2 AND FIRSTNAME='Alan' AND LASTNAME='Rickman' AND DEPARTMENT_ID=2
COMMIT
SET SCHEMA PUBLIC
DISCONNECT
/*C34*/SET SCHEMA PUBLIC
DISCONNECT
/*C35*/SET SCHEMA PUBLIC
DISCONNECT
/*C36*/SET SCHEMA AZOOMEE
INSERT INTO DEPARTMENT VALUES(1,'Creative')
COMMIT
SET SCHEMA PUBLIC
DISCONNECT
/*C37*/SET SCHEMA PUBLIC
DISCONNECT
/*C38*/SET SCHEMA PUBLIC
DISCONNECT
/*C39*/SET SCHEMA AZOOMEE
INSERT INTO DEPARTMENT VALUES(2,'Accounts')
COMMIT
SET SCHEMA PUBLIC
DISCONNECT
/*C40*/SET SCHEMA PUBLIC
DISCONNECT
/*C41*/SET SCHEMA PUBLIC
DISCONNECT
/*C42*/SET SCHEMA PUBLIC
DISCONNECT
/*C43*/SET SCHEMA PUBLIC
DISCONNECT
/*C44*/SET SCHEMA PUBLIC
DISCONNECT
/*C45*/SET SCHEMA PUBLIC
DISCONNECT
/*C46*/SET SCHEMA AZOOMEE
INSERT INTO EMPLOYEE VALUES(1,'David','Bowie',1)
COMMIT
SET SCHEMA PUBLIC
DISCONNECT
/*C47*/SET SCHEMA PUBLIC
DISCONNECT
/*C48*/SET SCHEMA PUBLIC
DISCONNECT
/*C49*/SET SCHEMA PUBLIC
DISCONNECT
/*C50*/SET SCHEMA PUBLIC
DISCONNECT
/*C51*/SET SCHEMA AZOOMEE
INSERT INTO EMPLOYEE VALUES(2,'Alan','Rickman',2)
COMMIT
SET SCHEMA PUBLIC
DISCONNECT
/*C52*/SET SCHEMA PUBLIC
DISCONNECT
/*C53*/SET SCHEMA PUBLIC
DISCONNECT
/*C54*/SET SCHEMA PUBLIC
DISCONNECT
/*C55*/SET SCHEMA PUBLIC
DISCONNECT
/*C56*/SET SCHEMA PUBLIC
DISCONNECT
/*C57*/SET SCHEMA PUBLIC
DISCONNECT
/*C58*/SET SCHEMA PUBLIC
DISCONNECT
/*C59*/SET SCHEMA AZOOMEE
DELETE FROM EMPLOYEE WHERE EMPLOYEE_ID=1 AND FIRSTNAME='David' AND LASTNAME='Bowie' AND DEPARTMENT_ID=1
COMMIT
SET SCHEMA PUBLIC
DISCONNECT
/*C60*/SET SCHEMA PUBLIC
DISCONNECT
/*C61*/SET SCHEMA PUBLIC
DISCONNECT
/*C62*/SET SCHEMA AZOOMEE
DELETE FROM DEPARTMENT WHERE DEPARTMENT_ID=1 AND NAME='Creative'
COMMIT
SET SCHEMA PUBLIC
DISCONNECT
/*C63*/SET SCHEMA PUBLIC
DISCONNECT
